26
a 11.851851851851853
b 1.4814814814814816
c 5.432098765432099
d 4.444444444444445
e 4.197530864197531
f 2.7160493827160495
g 5.185185185185185
h 2.4691358024691357
i 2.7160493827160495
j 2.2222222222222223
k 1.9753086419753085
l 0.9876543209876543
m 0.9876543209876543
n 0.9876543209876543
o 1.728395061728395
p 1.4814814814814816
q 1.2345679012345678
r 3.950617283950617
s 8.641975308641975
t 5.185185185185185
u 2.7160493827160495
v 4.691358024691358
w 3.7037037037037033
x 4.938271604938271
y 4.691358024691358
z 9.382716049382717
