26
a 2.0161290322580645
b 4.435483870967742
c 10.080645161290322
d 1.6129032258064515
e 7.258064516129033
f 2.0161290322580645
g 4.435483870967742
h 2.4193548387096775
i 6.451612903225806
j 0.8064516129032258
k 0.4032258064516129
l 0.0
m 1.2096774193548387
n 4.435483870967742
o 4.435483870967742
p 0.8064516129032258
q 6.048387096774194
r 3.6290322580645165
s 3.225806451612903
t 5.64516129032258
u 7.258064516129033
v 3.225806451612903
w 4.435483870967742
x 1.6129032258064515
y 6.451612903225806
z 5.64516129032258
