26
a 11.025358324145534
b 4.5203969128996695
c 4.299889746416759
d 4.851157662624035
e 7.497243660418963
f 3.9691289966923926
g 3.8588754134509373
h 3.4178610804851157
i 3.4178610804851157
j 3.6383682469680267
k 3.0871003307607494
l 2.535832414553473
m 2.8665931642778393
n 2.7563395810363835
o 2.4255788313120177
p 2.3153252480705624
q 2.2050716648291067
r 4.299889746416759
s 6.284454244762955
t 2.4255788313120177
u 2.9768467475192946
v 2.7563395810363835
w 3.528114663726571
x 2.9768467475192946
y 2.9768467475192946
z 3.0871003307607494
