 0.0250000003725   0.8086673983088
 0.0750000011176   0.7228550749202
 0.1250000018626  -0.5487609774971
 0.1750000026077  -0.8427304509442
 0.2250000033527   0.4408543392483
 0.2750000040978   0.9020673569472
 0.3250000048428  -0.3124223345070
 0.3750000055879  -0.9464848429314
 0.4250000063330   0.1785773406255
 0.4750000070781   0.9717333249016
 0.5250000078231  -0.0410978028240
 0.5750000085682  -0.9775487325851
 0.6250000093132  -0.0971999765177
 0.6750000100583   0.9637973476529
 0.7250000108033   0.2335526098284
 0.7750000115484  -0.9307556477301
 0.8250000122934  -0.3652306666880
 0.8750000130385   0.8790848729514
 0.9250000137836   0.4895986354820
 0.9750000145287  -0.8098192199863
 1.0250000152737  -0.6041672903160
 1.0750000160188   0.7243450399996
 1.1250000167638   0.7066435404084
 1.1750000175089  -0.6243730984414
 1.2250000182539  -0.7949763234501
 1.2750000189990   0.5119043303344
 1.3250000197441   0.8673976697639
 1.3750000204891  -0.3891898364647
 1.4250000212341  -0.9224579208050
 1.4750000219792   0.2586852028765
 1.5250000227242   0.9590570755929
 1.5750000234694  -0.1230100537118
 1.6250000242144  -0.9764343332409
 1.6750000249594  -0.0152255751117
 1.7250000257045   0.9746356246365
 1.7750000264496   0.1517854533045
 1.8250000271946  -0.9482129075877
 1.8750000279397  -0.3044030640501
 1.9250000286847   0.9740779026933
 0.0000000000000   0.0000000000000
