This is pdfeTeX, Version 3.141592-1.30.5-2.2 (Web2C 7.5.5) (format=pdflatex 2007.5.1)  17 MAY 2007 23:45
entering extended mode
**bib.tex
(./bib.tex
LaTeX2e <2003/12/01>
Babel <v3.8d> and hyphenation patterns for american, french, german, ngerman, b
ahasa, basque, bulgarian, catalan, croatian, czech, danish, dutch, esperanto, e
stonian, finnish, greek, icelandic, irish, italian, latin, magyar, norsk, polis
h, portuges, romanian, russian, serbian, slovak, slovene, spanish, swedish, tur
kish, ukrainian, nohyphenation, loaded.

! LaTeX Error: Environment thebibliography undefined.

See the LaTeX manual or LaTeX Companion for explanation.
Type  H <return>  for immediate help.
 ...                                              
                                                  
l.1 \begin{thebibliography}
                           {9}
Your command was ignored.
Type  I <command> <return>  to replace it with another command,
or  <return>  to continue without it.


! LaTeX Error: Missing \begin{document}.

See the LaTeX manual or LaTeX Companion for explanation.
Type  H <return>  for immediate help.
 ...                                              
                                                  
l.1 \begin{thebibliography}{9
                             }
You're in trouble here.  Try typing  <return>  to proceed.
If that doesn't work, type  X <return>  to quit.

Missing character: There is no 9 in font nullfont!

Overfull \hbox (20.0pt too wide) in paragraph at lines 1--2
[] 
 []


! LaTeX Error: Lonely \item--perhaps a missing list environment.

See the LaTeX manual or LaTeX Companion for explanation.
Type  H <return>  for immediate help.
 ...                                              
                                                  
l.3 	\bibitem{alhpaii}
                      
Try typing  <return>  to proceed.
If that doesn't work, type  X <return>  to quit.

! Undefined control sequence.
<argument> \@listctr 
                     
l.3 	\bibitem{alhpaii}
                      
The control sequence at the end of the top line
of your error message was never \def'ed. If you have
misspelled it (e.g., `\hobx'), type `I' and the correct
spelling (e.g., `I\hbox'). Otherwise just continue,
and I'll forget about whatever was undefined.

! You can't use `\relax' after \the.
<recently read> \c@ 
                    
l.3 	\bibitem{alhpaii}
                      
I'm forgetting what you said and using zero instead.

\bibcite{alhpaii}{0}
LaTeX Font Info:    External font `cmex10' loaded for size
(Font)              <7> on input line 4.
LaTeX Font Info:    External font `cmex10' loaded for size
(Font)              <5> on input line 4.
Missing character: There is no . in font nullfont!

Overfull \hbox (28.57704pt too wide) in paragraph at lines 4--5
\OT1/cmr/m/it/10 L[]T[]X:
 []


Overfull \hbox (13.311pt too wide) in paragraph at lines 4--5
\OT1/cmr/m/it/10 Al-
 []


Overfull \hbox (15.33325pt too wide) in paragraph at lines 4--5
\OT1/cmr/m/it/10 pha
 []


Overfull \hbox (7.71106pt too wide) in paragraph at lines 4--5
\OT1/cmr/m/it/10 II
 []


Overfull \hbox (3.57774pt too wide) in paragraph at lines 4--5
\OT1/cmr/m/it/10 -
 []


Overfull \hbox (19.17763pt too wide) in paragraph at lines 4--5
\OT1/cmr/m/it/10 Pro-
 []


Overfull \hbox (25.17203pt too wide) in paragraph at lines 4--5
\OT1/cmr/m/it/10 gram-
 []


Overfull \hbox (21.46654pt too wide) in paragraph at lines 4--5
\OT1/cmr/m/it/10 ming
 []


Overfull \hbox (13.05547pt too wide) in paragraph at lines 4--5
\OT1/cmr/m/it/10 In-
 []


Overfull \hbox (15.9721pt too wide) in paragraph at lines 4--5
\OT1/cmr/m/it/10 for-
 []


Overfull \hbox (16.86656pt too wide) in paragraph at lines 4--5
\OT1/cmr/m/it/10 ma-
 []


Overfull \hbox (20.18877pt too wide) in paragraph at lines 4--5
\OT1/cmr/m/it/10 tion:
 []


Overfull \hbox (21.23318pt too wide) in paragraph at lines 4--5
\OT1/cmr/m/it/10 aAu-
 []


Overfull \hbox (13.28882pt too wide) in paragraph at lines 4--5
\OT1/cmr/m/it/10 dio
 []


Overfull \hbox (13.05547pt too wide) in paragraph at lines 4--5
\OT1/cmr/m/it/10 In-
 []


Overfull \hbox (15.71652pt too wide) in paragraph at lines 4--5
\OT1/cmr/m/it/10 ter-
 []


Overfull \hbox (13.28879pt too wide) in paragraph at lines 4--5
\OT1/cmr/m/it/10 po-
 []


Overfull \hbox (11.24437pt too wide) in paragraph at lines 4--5
\OT1/cmr/m/it/10 la-
 []


Overfull \hbox (17.12212pt too wide) in paragraph at lines 4--5
\OT1/cmr/m/it/10 tion 
 []


! LaTeX Error: \begin{document} ended by \end{thebibliography}.

See the LaTeX manual or LaTeX Companion for explanation.
Type  H <return>  for immediate help.
 ...                                              
                                                  
l.6 \end{thebibliography}
                         
Your command was ignored.
Type  I <command> <return>  to replace it with another command,
or  <return>  to continue without it.

)
! Emergency stop.
<*> bib.tex
           
*** (job aborted, no legal \end found)

 
Here is how much of TeX's memory you used:
 15 strings out of 94432
 214 string characters out of 1175567
 48348 words of memory out of 1000000
 3322 multiletter control sequences out of 10000+50000
 4335 words of font info for 16 fonts, out of 500000 for 2000
 580 hyphenation exceptions out of 1000
 19i,3n,13p,100b,142s stack positions out of 1500i,500n,5000p,200000b,5000s
PDF statistics:
 0 PDF objects out of 300000
 0 named destinations out of 131072
 1 words of extra memory for PDF output out of 10000
No pages of output.
